<?xml version="1.0" encoding="UTF-8"?>
<!-- Generated by org.testng.reporters.JUnitReportReporter -->
<testsuite hostname="lenovo" failures="0" tests="5" name="pageobjectmodel.Login" time="21.802" errors="0" timestamp="2024-11-14T15:39:21 GST" skipped="0">
  <testcase classname="pageobjectmodel.Login" name="loginWithValidCredentials" time="4.851"/>
  <testcase classname="pageobjectmodel.Login" name="loginWithInValidCredentials" time="4.309"/>
  <testcase classname="pageobjectmodel.Login" name="loginWithInValidEmailValidPassword" time="4.160"/>
  <testcase classname="pageobjectmodel.Login" name="loginWithValidEmailInValidPassword" time="4.087"/>
  <testcase classname="pageobjectmodel.Login" name="loginWithOutAnyCredentials" time="4.395"/>
</testsuite> <!-- pageobjectmodel.Login -->
