<?xml version="1.0" encoding="UTF-8"?>
<!-- Generated by org.testng.reporters.JUnitReportReporter -->
<testsuite hostname="lenovo" failures="0" tests="3" name="pageobjectmodel.Register" time="20.726" errors="0" timestamp="2024-11-13T21:37:24 GST" skipped="0">
  <testcase classname="pageobjectmodel.Register" name="registerWithMandatoryyField" time="10.569"/>
  <testcase classname="pageobjectmodel.Register" name="registerWithAllFields" time="6.228"/>
  <testcase classname="pageobjectmodel.Register" name="registerWithoutFieldsDisplayMessages" time="3.929"/>
</testsuite> <!-- pageobjectmodel.Register -->
