<?xml version="1.0" encoding="UTF-8"?>
<!-- Generated by org.testng.reporters.JUnitReportReporter -->
<testsuite hostname="lenovo" failures="0" tests="3" name="pageobjectmodel.Search" time="10.263" errors="0" timestamp="2024-11-13T21:37:24 GST" skipped="0">
  <testcase classname="pageobjectmodel.Search" name="verifySearchForExistingProduct" time="3.528"/>
  <testcase classname="pageobjectmodel.Search" name="verifySearchForNonExistingProduct" time="3.448"/>
  <testcase classname="pageobjectmodel.Search" name="verifySearchWithOutProduct" time="3.287"/>
</testsuite> <!-- pageobjectmodel.Search -->
