<?xml version="1.0" encoding="UTF-8"?>
<!-- Generated by org.testng.reporters.JUnitReportReporter -->
<testsuite hostname="lenovo" failures="0" tests="5" name="pageobjectmodel.Login" time="22.444" errors="0" timestamp="2024-11-13T21:37:24 GST" skipped="0">
  <testcase classname="pageobjectmodel.Login" name="loginWithValidCredentials" time="4.069"/>
  <testcase classname="pageobjectmodel.Login" name="loginWithInValidCredentials" time="5.956"/>
  <testcase classname="pageobjectmodel.Login" name="loginWithInValidEmailValidPassword" time="4.075"/>
  <testcase classname="pageobjectmodel.Login" name="loginWithValidEmailInValidPassword" time="4.444"/>
  <testcase classname="pageobjectmodel.Login" name="loginWithOutAnyCredentials" time="3.900"/>
</testsuite> <!-- pageobjectmodel.Login -->
